Unity Editor version:    2021.3.8f1 (b30333d56e81)
Branch:                  2021.3/staging
Build type:              Release
Batch mode:              YES
macOS version:           Version 12.5.1 (Build 21G83)
Darwin version:          21.6.0
Architecture:            x86_64
Running under Rosetta:   NO
Available memory:        65536 MB
Using pre-set license
Pro License: YES

COMMAND LINE ARGUMENTS:
/Applications/Unity/Hub/Editor/2021.3.8f1/Unity.app/Contents/MacOS/Unity
-adb2
-batchMode
-noUpm
-name
AssetImportWorker0
-projectPath
/Users/javier/Unity/Ejemplo3D
-logFile
Logs/AssetImportWorker0.log
-srvPort
49770
Successfully changed project path to: /Users/javier/Unity/Ejemplo3D
/Users/javier/Unity/Ejemplo3D
[UnityMemory] Configuration Parameters - Can be set up in boot.config
    "memorysetup-bucket-allocator-granularity=16"
    "memorysetup-bucket-allocator-bucket-count=8"
    "memorysetup-bucket-allocator-block-size=33554432"
    "memorysetup-bucket-allocator-block-count=8"
    "memorysetup-main-allocator-block-size=16777216"
    "memorysetup-thread-allocator-block-size=16777216"
    "memorysetup-gfx-main-allocator-block-size=16777216"
    "memorysetup-gfx-thread-allocator-block-size=16777216"
    "memorysetup-cache-allocator-block-size=4194304"
    "memorysetup-typetree-allocator-block-size=2097152"
    "memorysetup-profiler-bucket-allocator-granularity=16"
    "memorysetup-profiler-bucket-allocator-bucket-count=8"
    "memorysetup-profiler-bucket-allocator-block-size=33554432"
    "memorysetup-profiler-bucket-allocator-block-count=8"
    "memorysetup-profiler-allocator-block-size=16777216"
    "memorysetup-profiler-editor-allocator-block-size=1048576"
    "memorysetup-temp-allocator-size-main=16777216"
    "memorysetup-job-temp-allocator-block-size=2097152"
    "memorysetup-job-temp-allocator-block-size-background=1048576"
    "memorysetup-job-temp-allocator-reduction-small-platforms=262144"
    "memorysetup-temp-allocator-size-background-worker=32768"
    "memorysetup-temp-allocator-size-job-worker=262144"
    "memorysetup-temp-allocator-size-preload-manager=33554432"
    "memorysetup-temp-allocator-size-nav-mesh-worker=65536"
    "memorysetup-temp-allocator-size-audio-worker=65536"
    "memorysetup-temp-allocator-size-cloud-worker=32768"
    "memorysetup-temp-allocator-size-gi-baking-worker=262144"
    "memorysetup-temp-allocator-size-gfx=262144"
Refreshing native plugins compatible for Editor in 82.90 ms, found 2 plugins.
Preloading 0 native plugins for Editor in 0.00 ms.
Initialize engine version: 2021.3.8f1 (b30333d56e81)
[Subsystems] Discovering subsystems at path /Applications/Unity/Hub/Editor/2021.3.8f1/Unity.app/Contents/Resources/UnitySubsystems
[Subsystems] Discovering subsystems at path /Users/javier/Unity/Ejemplo3D/Assets
GfxDevice: creating device client; threaded=0; jobified=0
iMac preferred device: AMD Radeon Pro 575X (high power)
Metal devices available: 1
0: AMD Radeon Pro 575X (high power)
Using device AMD Radeon Pro 575X (high power)
Initializing Metal device caps: AMD Radeon Pro 575X
Initialize mono
Mono path[0] = '/Applications/Unity/Hub/Editor/2021.3.8f1/Unity.app/Contents/Managed'
Mono path[1] = '/Applications/Unity/Hub/Editor/2021.3.8f1/Unity.app/Contents/MonoBleedingEdge/lib/mono/unityjit-macos'
Mono config path = '/Applications/Unity/Hub/Editor/2021.3.8f1/Unity.app/Contents/MonoBleedingEdge/etc'
Using monoOptions --debugger-agent=transport=dt_socket,embedding=1,server=y,suspend=n,address=127.0.0.1:56155
Begin MonoManager ReloadAssembly
Registering precompiled unity dll's ...
Register platform support module: /Applications/Unity/Hub/Editor/2021.3.8f1/Unity.app/Contents/PlaybackEngines/MacStandaloneSupport/UnityEditor.OSXStandalone.Extensions.dll
Registered in 0.000637 seconds.
Native extension for OSXStandalone target not found
Refreshing native plugins compatible for Editor in 84.05 ms, found 2 plugins.
Preloading 0 native plugins for Editor in 0.00 ms.
Mono: successfully reloaded assembly
- Completed reload, in  0.720 seconds
Domain Reload Profiling:
	ReloadAssembly (720ms)
		BeginReloadAssembly (103ms)
			ExecutionOrderSort (0ms)
			DisableScriptedObjects (0ms)
			BackupInstance (0ms)
			ReleaseScriptingObjects (0ms)
			CreateAndSetChildDomain (1ms)
		EndReloadAssembly (503ms)
			LoadAssemblies (109ms)
			RebuildTransferFunctionScriptingTraits (0ms)
			SetupTypeCache (120ms)
			ReleaseScriptCaches (0ms)
			RebuildScriptCaches (33ms)
			SetupLoadedEditorAssemblies (296ms)
				LogAssemblyErrors (0ms)
				InitializePlatformSupportModulesInManaged (6ms)
				SetLoadedEditorAssemblies (0ms)
				RefreshPlugins (84ms)
				BeforeProcessingInitializeOnLoad (1ms)
				ProcessInitializeOnLoadAttributes (156ms)
				ProcessInitializeOnLoadMethodAttributes (47ms)
				AfterProcessingInitializeOnLoad (0ms)
				EditorAssembliesLoaded (0ms)
			ExecutionOrderSort2 (0ms)
			AwakeInstancesAfterBackupRestoration (0ms)
Platform modules already initialized, skipping
Registering precompiled user dll's ...
Registered in 0.002033 seconds.
Begin MonoManager ReloadAssembly
Symbol file LoadedFromMemory doesn't match image /Users/javier/Unity/Ejemplo3D/Library/PackageCache/com.unity.visualscripting@1.7.8/Editor/VisualScripting.Core/Dependencies/YamlDotNet/Unity.VisualScripting.YamlDotNet.dll
Symbol file LoadedFromMemory doesn't match image /Users/javier/Unity/Ejemplo3D/Library/PackageCache/com.unity.visualscripting@1.7.8/Editor/VisualScripting.Core/Dependencies/DotNetZip/Unity.VisualScripting.IonicZip.dll
Native extension for OSXStandalone target not found
Refreshing native plugins compatible for Editor in 0.48 ms, found 2 plugins.
Preloading 0 native plugins for Editor in 0.00 ms.
Mono: successfully reloaded assembly
- Completed reload, in  1.092 seconds
Domain Reload Profiling:
	ReloadAssembly (1092ms)
		BeginReloadAssembly (100ms)
			ExecutionOrderSort (0ms)
			DisableScriptedObjects (6ms)
			BackupInstance (0ms)
			ReleaseScriptingObjects (0ms)
			CreateAndSetChildDomain (21ms)
		EndReloadAssembly (870ms)
			LoadAssemblies (82ms)
			RebuildTransferFunctionScriptingTraits (0ms)
			SetupTypeCache (296ms)
			ReleaseScriptCaches (1ms)
			RebuildScriptCaches (55ms)
			SetupLoadedEditorAssemblies (389ms)
				LogAssemblyErrors (0ms)
				InitializePlatformSupportModulesInManaged (4ms)
				SetLoadedEditorAssemblies (1ms)
				RefreshPlugins (1ms)
				BeforeProcessingInitializeOnLoad (78ms)
				ProcessInitializeOnLoadAttributes (265ms)
				ProcessInitializeOnLoadMethodAttributes (40ms)
				AfterProcessingInitializeOnLoad (1ms)
				EditorAssembliesLoaded (0ms)
			ExecutionOrderSort2 (0ms)
			AwakeInstancesAfterBackupRestoration (4ms)
Platform modules already initialized, skipping
========================================================================
Worker process is ready to serve import requests
Launching external process: /Applications/Unity/Hub/Editor/2021.3.8f1/Unity.app/Contents/Tools/UnityShaderCompiler
Launched and connected shader compiler UnityShaderCompiler after 0.06 seconds
Refreshing native plugins compatible for Editor in 0.47 ms, found 2 plugins.
Preloading 0 native plugins for Editor in 0.00 ms.
Unloading 3377 Unused Serialized files (Serialized files now loaded: 0)
Unloading 27 unused Assets / (94.4 KB). Loaded Objects now: 3834.
Memory consumption went from 229.4 MB to 229.3 MB.
Total: 3.094451 ms (FindLiveObjects: 0.231042 ms CreateObjectMapping: 0.165054 ms MarkObjects: 2.561314 ms  DeleteObjects: 0.136366 ms)

AssetImportParameters requested are different than current active one (requested -> active):
  custom:video-decoder-ogg-theora: a1e56fd34408186e4bbccfd4996cb3dc -> 
  custom:container-muxer-webm: aa71ff27fc2769a1b78a27578f13a17b -> 
  custom:container-demuxer-webm: 4f35f7cbe854078d1ac9338744f61a02 -> 
  custom:video-encoder-webm-vp8: eb34c28f22e8b96e1ab97ce403110664 -> 
  custom:framework-osx-AVFoundation: e770b220cccbd017edd2c1fefb359320 -> 
  custom:audio-encoder-webm-vorbis: bf7c407c2cedff20999df2af8eb42d56 -> 
  custom:container-demuxer-ogg: 62fdf1f143b41e24485cea50d1cbac27 -> 
  custom:video-decoder-webm-vp8: 9c59270c3fd7afecdb556c50c9e8de78 -> 
  custom:audio-decoder-ogg-vorbis: bf7c407c2cedff20999df2af8eb42d56 -> 
========================================================================
Received Import Request.
  Time since last request: 8514.312658 seconds.
  path: Assets
  artifactKey: Guid(00000000000000001000000000000000) Importer(815301076,1909f56bfc062723c751e8b465ee728b)
Start importing Assets using Guid(00000000000000001000000000000000) Importer(815301076,1909f56bfc062723c751e8b465ee728b)  -> (artifact id: '79842766b460edbeab6a34051e857a80') in 0.005339 seconds 
========================================================================
Received Import Request.
  Time since last request: 251.717466 seconds.
  path: Assets/New Material.mat
  artifactKey: Guid(7c2a87ed378ec4ce1bd872679bfed48f) Importer(815301076,1909f56bfc062723c751e8b465ee728b)
Start importing Assets/New Material.mat using Guid(7c2a87ed378ec4ce1bd872679bfed48f) Importer(815301076,1909f56bfc062723c751e8b465ee728b)  -> (artifact id: '56893f746b7e434d2197f7f23fcb08b7') in 1.020844 seconds 
========================================================================
Received Import Request.
  Time since last request: 2019.607362 seconds.
  path: Assets/Paredes.mat
  artifactKey: Guid(7c2a87ed378ec4ce1bd872679bfed48f) Importer(815301076,1909f56bfc062723c751e8b465ee728b)
Start importing Assets/Paredes.mat using Guid(7c2a87ed378ec4ce1bd872679bfed48f) Importer(815301076,1909f56bfc062723c751e8b465ee728b)  -> (artifact id: '10c7b63321aed49bfddcb4867753102d') in 0.015056 seconds 
========================================================================
Received Import Request.
  Time since last request: 26.474590 seconds.
  path: Assets/Paredes.mat
  artifactKey: Guid(7c2a87ed378ec4ce1bd872679bfed48f) Importer(815301076,1909f56bfc062723c751e8b465ee728b)
Start importing Assets/Paredes.mat using Guid(7c2a87ed378ec4ce1bd872679bfed48f) Importer(815301076,1909f56bfc062723c751e8b465ee728b)  -> (artifact id: '4b8a517f21fafb037c6b9aa77b8b4a4f') in 0.010174 seconds 
========================================================================
Received Import Request.
  Time since last request: 2921.815665 seconds.
  path: Assets/Paredes.mat
  artifactKey: Guid(7c2a87ed378ec4ce1bd872679bfed48f) Importer(815301076,1909f56bfc062723c751e8b465ee728b)
Start importing Assets/Paredes.mat using Guid(7c2a87ed378ec4ce1bd872679bfed48f) Importer(815301076,1909f56bfc062723c751e8b465ee728b)  -> (artifact id: 'f41c450c8a32aee1c09618130ecfed6d') in 0.380651 seconds 
========================================================================
Received Import Request.
  Time since last request: 117.237945 seconds.
  path: Assets/Paredes.mat
  artifactKey: Guid(7c2a87ed378ec4ce1bd872679bfed48f) Importer(815301076,1909f56bfc062723c751e8b465ee728b)
Start importing Assets/Paredes.mat using Guid(7c2a87ed378ec4ce1bd872679bfed48f) Importer(815301076,1909f56bfc062723c751e8b465ee728b)  -> (artifact id: '19cff6d8fa29fb7019da14c9edbf381a') in 0.009062 seconds 
========================================================================
Received Import Request.
  Time since last request: 316.639290 seconds.
  path: Assets/Paredes 1.mat
  artifactKey: Guid(3c8d7cfff17df4880af8a8a586927685) Importer(815301076,1909f56bfc062723c751e8b465ee728b)
Start importing Assets/Paredes 1.mat using Guid(3c8d7cfff17df4880af8a8a586927685) Importer(815301076,1909f56bfc062723c751e8b465ee728b)  -> (artifact id: '85d25c3b13057ae1f57295db0711d289') in 0.007418 seconds 
========================================================================
Received Import Request.
  Time since last request: 4.734244 seconds.
  path: Assets/Suelo.mat
  artifactKey: Guid(3c8d7cfff17df4880af8a8a586927685) Importer(815301076,1909f56bfc062723c751e8b465ee728b)
Start importing Assets/Suelo.mat using Guid(3c8d7cfff17df4880af8a8a586927685) Importer(815301076,1909f56bfc062723c751e8b465ee728b)  -> (artifact id: '3b4d19dadb7b4421a6990b5dfe621c8a') in 0.009741 seconds 
========================================================================
Received Import Request.
  Time since last request: 98.366426 seconds.
  path: Assets/Paredes.mat
  artifactKey: Guid(7c2a87ed378ec4ce1bd872679bfed48f) Importer(815301076,1909f56bfc062723c751e8b465ee728b)
Start importing Assets/Paredes.mat using Guid(7c2a87ed378ec4ce1bd872679bfed48f) Importer(815301076,1909f56bfc062723c751e8b465ee728b)  -> (artifact id: '16eee8529fd06ec2a69544872f648a00') in 0.015670 seconds 
========================================================================
Received Import Request.
  Time since last request: 0.000069 seconds.
  path: Assets/Suelo.mat
  artifactKey: Guid(3c8d7cfff17df4880af8a8a586927685) Importer(815301076,1909f56bfc062723c751e8b465ee728b)
Start importing Assets/Suelo.mat using Guid(3c8d7cfff17df4880af8a8a586927685) Importer(815301076,1909f56bfc062723c751e8b465ee728b)  -> (artifact id: 'db186fcfb1eb9ea425f3cbc5eb750797') in 0.007221 seconds 
